app/manifest-merger-release-report.txt
-- Merging decision tree log ---
manifest
ADDED from AndroidManifest.xml:2:1
	xmlns:android
		ADDED from AndroidManifest.xml:2:11
	package
		ADDED from AndroidManifest.xml:3:5
	android:versionName
		INJECTED from AndroidManifest.xml:0:0
		INJECTED from AndroidManifest.xml:0:0
	android:versionCode
		INJECTED from AndroidManifest.xml:0:0
		INJECTED from AndroidManifest.xml:0:0
uses-permission#android.permission.INTERNET
ADDED from AndroidManifest.xml:5:5
	android:name
		ADDED from AndroidManifest.xml:5:22
uses-permission#android.permission.ACCESS_NETWORK_STATE
ADDED from AndroidManifest.xml:6:5
	android:name
		ADDED from AndroidManifest.xml:6:22
uses-permission#android.permission.ACCESS_COARSE_LOCATION
ADDED from AndroidManifest.xml:7:5
	android:name
		ADDED from AndroidManifest.xml:7:22
uses-permission#android.permission.WRITE_EXTERNAL_STORAGE
ADDED from AndroidManifest.xml:8:5
	android:name
		ADDED from AndroidManifest.xml:8:22
uses-permission#android.permission.GET_ACCOUNTS
ADDED from AndroidManifest.xml:9:5
	android:name
		ADDED from AndroidManifest.xml:9:22
uses-permission#android.permission.MANAGE_ACCOUNTS
ADDED from AndroidManifest.xml:10:5
	android:name
		ADDED from AndroidManifest.xml:10:22
uses-permission#android.permission.USE_CREDENTIALS
ADDED from AndroidManifest.xml:11:5
	android:name
		ADDED from AndroidManifest.xml:11:22
application
ADDED from AndroidManifest.xml:13:5
MERGED from MindcrackFront:vcutils:unspecified:11:5
MERGED from com.android.support:appcompat-v7:19.1.0:19:5
MERGED from com.android.support:support-v4:21.0.0:16:5
MERGED from com.android.support:support-v4:21.0.0:16:5
MERGED from com.google.android.gms:play-services:6.5.87:20:5
MERGED from com.android.support:support-v4:21.0.0:16:5
	android:label
		ADDED from AndroidManifest.xml:17:9
	android:allowBackup
		ADDED from AndroidManifest.xml:15:9
	android:icon
		ADDED from AndroidManifest.xml:16:9
	android:theme
		ADDED from AndroidManifest.xml:18:9
	android:name
		ADDED from AndroidManifest.xml:14:9
meta-data#com.google.android.gms.version
ADDED from AndroidManifest.xml:20:9
MERGED from com.google.android.gms:play-services:6.5.87:21:9
	android:name
		ADDED from AndroidManifest.xml:21:13
	android:value
		ADDED from AndroidManifest.xml:22:13
activity#com.valterc.mindcrackfront.app.main.MainActivity
ADDED from AndroidManifest.xml:24:9
	android:screenOrientation
		ADDED from AndroidManifest.xml:28:13
	android:label
		ADDED from AndroidManifest.xml:27:13
	android:configChanges
		ADDED from AndroidManifest.xml:26:13
	android:name
		ADDED from AndroidManifest.xml:25:13
intent-filter#android.intent.action.MAIN+android.intent.category.LAUNCHER
ADDED from AndroidManifest.xml:29:13
action#android.intent.action.MAIN
ADDED from AndroidManifest.xml:30:17
	android:name
		ADDED from AndroidManifest.xml:30:25
category#android.intent.category.LAUNCHER
ADDED from AndroidManifest.xml:31:17
	android:name
		ADDED from AndroidManifest.xml:31:27
activity#com.mopub.mobileads.MoPubActivity
ADDED from AndroidManifest.xml:35:9
	android:configChanges
		ADDED from AndroidManifest.xml:35:68
	android:name
		ADDED from AndroidManifest.xml:35:19
activity#com.mopub.mobileads.MraidActivity
ADDED from AndroidManifest.xml:36:9
	android:configChanges
		ADDED from AndroidManifest.xml:36:68
	android:name
		ADDED from AndroidManifest.xml:36:19
activity#com.mopub.common.MoPubBrowser
ADDED from AndroidManifest.xml:37:9
	android:configChanges
		ADDED from AndroidManifest.xml:37:64
	android:name
		ADDED from AndroidManifest.xml:37:19
activity#com.mopub.mobileads.MraidVideoPlayerActivity
ADDED from AndroidManifest.xml:38:9
	android:configChanges
		ADDED from AndroidManifest.xml:38:79
	android:name
		ADDED from AndroidManifest.xml:38:19
activity#com.google.android.gms.ads.AdActivity
ADDED from AndroidManifest.xml:39:9
	android:configChanges
		ADDED from AndroidManifest.xml:39:72
	android:name
		ADDED from AndroidManifest.xml:39:19
activity#com.millennialmedia.android.MMActivity
ADDED from AndroidManifest.xml:40:9
	android:configChanges
		ADDED from AndroidManifest.xml:40:73
	android:theme
		ADDED from AndroidManifest.xml:40:133
	android:name
		ADDED from AndroidManifest.xml:40:19
activity#com.millennialmedia.android.VideoPlayer
ADDED from AndroidManifest.xml:41:9
	android:configChanges
		ADDED from AndroidManifest.xml:41:74
	android:name
		ADDED from AndroidManifest.xml:41:19
uses-sdk
INJECTED from AndroidManifest.xml:0:0 reason: use-sdk injection requested
MERGED from MindcrackFront:vcutils:unspecified:7:5
MERGED from com.android.support:appcompat-v7:19.1.0:18:5
MERGED from com.android.support:support-v4:21.0.0:15:5
MERGED from com.mopub:mopub-sdk:unspecified:7:5
MERGED from com.android.support:support-v4:21.0.0:15:5
MERGED from com.google.android.gms:play-services:6.5.87:18:5
MERGED from com.android.support:support-v4:21.0.0:15:5
	android:targetSdkVersion
		INJECTED from AndroidManifest.xml:0:0
		INJECTED from AndroidManifest.xml:0:0
	android:minSdkVersion
		INJECTED from AndroidManifest.xml:0:0
		INJECTED from AndroidManifest.xml:0:0